<?xml version="1.0" encoding="UTF-8"?>
<!-- Generated by org.testng.reporters.JUnitReportReporter -->
<testsuite hostname="VAIN" failures="0" tests="1" name="testCases.Tc_003_loginDDT" time="0.000" errors="0" timestamp="2024-03-04T11:27:01 IST" skipped="1">
  <testcase classname="testCases.Tc_003_loginDDT" name="test_loginddt" time="0.000">
    <skipped/>
  </testcase> <!-- test_loginddt -->
  <system-out/>
</testsuite> <!-- testCases.Tc_003_loginDDT -->
