<?xml version="1.0" encoding="UTF-8"?>
<!-- Generated by org.testng.reporters.JUnitReportReporter -->
<testsuite hostname="VAIN" failures="0" tests="1" name="testCases.Tc_002_logintest" time="3.087" errors="0" timestamp="2024-03-02T12:46:18 IST" skipped="0">
  <testcase classname="testCases.Tc_002_logintest" name="logintest" time="3.087"/>
  <system-out/>
</testsuite> <!-- testCases.Tc_002_logintest -->
