<?xml version="1.0" encoding="UTF-8"?>
<!-- Generated by org.testng.reporters.JUnitReportReporter -->
<testsuite hostname="VAIN" failures="0" tests="1" name="testCases.Tc_001_AccountRegistration" time="1.906" errors="0" timestamp="2024-03-04T10:20:04 IST" skipped="0">
  <testcase classname="testCases.Tc_001_AccountRegistration" name="test_account_registration" time="1.906"/>
  <system-out/>
</testsuite> <!-- testCases.Tc_001_AccountRegistration -->
